


ARM Macro Assembler    Page 1 


    1 00000000         ;/* Copyright Statement:
    2 00000000         ; *
    3 00000000         ; * This software/firmware and related documentation ("A
                       utoChips Software") are
    4 00000000         ; * protected under relevant copyright laws. The informa
                       tion contained herein is
    5 00000000         ; * confidential and proprietary to AutoChips Inc. and/o
                       r its licensors. Without
    6 00000000         ; * the prior written permission of AutoChips inc. and/o
                       r its licensors, any
    7 00000000         ; * reproduction, modification, use or disclosure of Aut
                       oChips Software, and
    8 00000000         ; * information contained herein, in whole or in part, s
                       hall be strictly
    9 00000000         ; * prohibited.
   10 00000000         ; *
   11 00000000         ; * AutoChips Inc. (C) 2021. All rights reserved.
   12 00000000         ; *
   13 00000000         ; * BY OPENING THIS FILE, RECEIVER HEREBY UNEQUIVOCALLY 
                       ACKNOWLEDGES AND AGREES
   14 00000000         ; * THAT THE SOFTWARE/FIRMWARE AND ITS DOCUMENTATIONS ("
                       AUTOCHIPS SOFTWARE")
   15 00000000         ; * RECEIVED FROM AUTOCHIPS AND/OR ITS REPRESENTATIVES A
                       RE PROVIDED TO RECEIVER
   16 00000000         ; * ON AN "AS-IS" BASIS ONLY. AUTOCHIPS EXPRESSLY DISCLA
                       IMS ANY AND ALL
   17 00000000         ; * WARRANTIES, EXPRESS OR IMPLIED, INCLUDING BUT NOT LI
                       MITED TO THE IMPLIED
   18 00000000         ; * WARRANTIES OF MERCHANTABILITY, FITNESS FOR A PARTICU
                       LAR PURPOSE OR
   19 00000000         ; * NONINFRINGEMENT. NEITHER DOES AUTOCHIPS PROVIDE ANY 
                       WARRANTY WHATSOEVER WITH
   20 00000000         ; * RESPECT TO THE SOFTWARE OF ANY THIRD PARTY WHICH MAY
                        BE USED BY,
   21 00000000         ; * INCORPORATED IN, OR SUPPLIED WITH THE AUTOCHIPS SOFT
                       WARE, AND RECEIVER AGREES
   22 00000000         ; * TO LOOK ONLY TO SUCH THIRD PARTY FOR ANY WARRANTY CL
                       AIM RELATING THERETO.
   23 00000000         ; * RECEIVER EXPRESSLY ACKNOWLEDGES THAT IT IS RECEIVER'
                       S SOLE RESPONSIBILITY TO
   24 00000000         ; * OBTAIN FROM ANY THIRD PARTY ALL PROPER LICENSES CONT
                       AINED IN AUTOCHIPS
   25 00000000         ; * SOFTWARE. AUTOCHIPS SHALL ALSO NOT BE RESPONSIBLE FO
                       R ANY AUTOCHIPS SOFTWARE
   26 00000000         ; * RELEASES MADE TO RECEIVER'S SPECIFICATION OR TO CONF
                       ORM TO A PARTICULAR
   27 00000000         ; * STANDARD OR OPEN FORUM. RECEIVER'S SOLE AND EXCLUSIV
                       E REMEDY AND AUTOCHIPS'S
   28 00000000         ; * ENTIRE AND CUMULATIVE LIABILITY WITH RESPECT TO THE 
                       AUTOCHIPS SOFTWARE
   29 00000000         ; * RELEASED HEREUNDER WILL BE, AT AUTOCHIPS'S OPTION, T
                       O REVISE OR REPLACE THE
   30 00000000         ; * AUTOCHIPS SOFTWARE AT ISSUE, OR REFUND ANY SOFTWARE 
                       LICENSE FEES OR SERVICE
   31 00000000         ; * CHARGE PAID BY RECEIVER TO AUTOCHIPS FOR SUCH AUTOCH
                       IPS SOFTWARE AT ISSUE.
   32 00000000         ; */
   33 00000000         
   34 00000000         ;/*



ARM Macro Assembler    Page 2 


   35 00000000         ;//-------- <<< Use Configuration Wizard in Context Menu
                        >>> ------------------
   36 00000000         ;*/
   37 00000000         
   38 00000000         ; Amount of memory (in bytes) allocated for Stack
   39 00000000         ; Tailor this value to your application needs
   40 00000000         ; <h> Stack Configuration
   41 00000000         ;   <o> Stack Size (in Bytes) <0x0-0xFFFFFFFF:8>
   42 00000000         ; </h>
   43 00000000         
   44 00000000         
   45 00000000 00000400 
                       Stack_Size
                               EQU              0x00000400
   46 00000000         
   47 00000000                 AREA             STACK, NOINIT, READWRITE, ALIGN
=3
   48 00000000         Stack_Mem
                               SPACE            Stack_Size
   49 00000400         __initial_sp
   50 00000400         
   51 00000400         
   52 00000400         ; <h> Heap Configuration
   53 00000400         ;   <o>  Heap Size (in Bytes) <0x0-0xFFFFFFFF:8>
   54 00000400         ; </h>
   55 00000400         
   56 00000400 00000200 
                       Heap_Size
                               EQU              0x00000200
   57 00000400         
   58 00000400                 AREA             HEAP, NOINIT, READWRITE, ALIGN=
3
   59 00000000         __heap_base
   60 00000000         Heap_Mem
                               SPACE            Heap_Size
   61 00000200         __heap_limit
   62 00000200         
   63 00000200                 PRESERVE8
   64 00000200                 THUMB
   65 00000200         
   66 00000200         
   67 00000200         ; Vector Table Mapped to Address 0 at Reset
   68 00000200                 AREA             RESET, DATA, READONLY
   69 00000000                 EXPORT           __Vectors
   70 00000000                 EXPORT           __Vectors_End
   71 00000000                 EXPORT           __Vectors_Size
   72 00000000         
   73 00000000 00000000 
                       __Vectors
                               DCD              __initial_sp ; Top of Stack
   74 00000004 00000000        DCD              Reset_Handler ; Reset Handler
   75 00000008 00000000        DCD              NMI_Handler ; NMI Handler
   76 0000000C 00000000        DCD              HardFault_Handler ; Hard Fault 
                                                            Handler
   77 00000010 00000000        DCD              MemManage_Handler 
                                                            ; MPU Fault Handler
                                                            
   78 00000014 00000000        DCD              BusFault_Handler 
                                                            ; Bus Fault Handler



ARM Macro Assembler    Page 3 


                                                            
   79 00000018 00000000        DCD              UsageFault_Handler ; Usage Faul
                                                            t Handler
   80 0000001C 00000000        DCD              0           ; Reserved
   81 00000020 00000000        DCD              0           ; Reserved
   82 00000024 00000000        DCD              0           ; Reserved
   83 00000028 00000000        DCD              0           ; Reserved
   84 0000002C 00000000        DCD              SVC_Handler ; SVCall Handler
   85 00000030 00000000        DCD              DebugMon_Handler ; Debug Monito
                                                            r Handler
   86 00000034 00000000        DCD              0           ; Reserved
   87 00000038 00000000        DCD              PendSV_Handler ; PendSV Handler
                                                            
   88 0000003C 00000000        DCD              SysTick_Handler 
                                                            ; SysTick Handler
   89 00000040         
   90 00000040         ;External Interrupts
   91 00000040 00000000        DCD              DMA0_Channel0_IRQHandler ;DMA c
                                                            hannel 0 transfer c
                                                            omplete
   92 00000044 00000000        DCD              DMA0_Channel1_IRQHandler ;DMA c
                                                            hannel 1 transfer c
                                                            omplete
   93 00000048 00000000        DCD              DMA0_Channel2_IRQHandler ;DMA c
                                                            hannel 2 transfer c
                                                            omplete
   94 0000004C 00000000        DCD              DMA0_Channel3_IRQHandler ;DMA c
                                                            hannel 3 transfer c
                                                            omplete
   95 00000050 00000000        DCD              DMA0_Channel4_IRQHandler ;DMA c
                                                            hannel 4 transfer c
                                                            omplete
   96 00000054 00000000        DCD              DMA0_Channel5_IRQHandler ;DMA c
                                                            hannel 5 transfer c
                                                            omplete
   97 00000058 00000000        DCD              DMA0_Channel6_IRQHandler ;DMA c
                                                            hannel 6 transfer c
                                                            omplete
   98 0000005C 00000000        DCD              DMA0_Channel7_IRQHandler ;DMA c
                                                            hannel 7 transfer c
                                                            omplete
   99 00000060 00000000        DCD              DMA0_Channel8_IRQHandler ;DMA c
                                                            hannel 8 transfer c
                                                            omplete
  100 00000064 00000000        DCD              DMA0_Channel9_IRQHandler ;DMA c
                                                            hannel 9 transfer c
                                                            omplete
  101 00000068 00000000        DCD              DMA0_Channel10_IRQHandler ;DMA 
                                                            channel 10 transfer
                                                             complete
  102 0000006C 00000000        DCD              DMA0_Channel11_IRQHandler ;DMA 
                                                            channel 11 transfer
                                                             complete
  103 00000070 00000000        DCD              DMA0_Channel12_IRQHandler ;DMA 
                                                            channel 12 transfer
                                                             complete
  104 00000074 00000000        DCD              DMA0_Channel13_IRQHandler ;DMA 
                                                            channel 13 transfer
                                                             complete



ARM Macro Assembler    Page 4 


  105 00000078 00000000        DCD              DMA0_Channel14_IRQHandler ;DMA 
                                                            channel 14 transfer
                                                             complete
  106 0000007C 00000000        DCD              DMA0_Channel15_IRQHandler ;DMA 
                                                            channel 15 transfer
                                                             complete
  107 00000080 00000000        DCD              PORTA_IRQHandler ;Port A pin de
                                                            tect interrupt
  108 00000084 00000000        DCD              PORTB_IRQHandler ;Port B pin de
                                                            tect interrupt
  109 00000088 00000000        DCD              PORTC_IRQHandler ;Port C pin de
                                                            tect interrupt
  110 0000008C 00000000        DCD              PORTD_IRQHandler ;Port D pin de
                                                            tect interrupt
  111 00000090 00000000        DCD              PORTE_IRQHandler ;Port E pin de
                                                            tect interrupt
  112 00000094 00000000        DCD              UART0_IRQHandler ;UART0 Transmi
                                                            t / Receive Interru
                                                            pt
  113 00000098 00000000        DCD              UART1_IRQHandler ;UART1 Transmi
                                                            t / Receive Interru
                                                            pt
  114 0000009C 00000000        DCD              UART2_IRQHandler ;UART2 Transmi
                                                            t / Receive Interru
                                                            pt
  115 000000A0 00000000        DCD              UART3_IRQHandler ;UART3 Transmi
                                                            t / Receive Interru
                                                            pt
  116 000000A4 00000000        DCD              0           ;Reserved
  117 000000A8 00000000        DCD              0           ;Reserved
  118 000000AC 00000000        DCD              SPI0_IRQHandler ;SPI0 Interrupt
                                                            
  119 000000B0 00000000        DCD              SPI1_IRQHandler ;SPI1 Interrupt
                                                            
  120 000000B4 00000000        DCD              SPI2_IRQHandler ;SPI2 Interrupt
                                                            
  121 000000B8 00000000        DCD              0           ;Reserved
  122 000000BC 00000000        DCD              I2C0_IRQHandler ;I2C0 Interrupt
                                                            
  123 000000C0 00000000        DCD              0           ;Reserved
  124 000000C4 00000000        DCD              EIO_IRQHandler ;EIO Interrupt
  125 000000C8 00000000        DCD              CAN0_IRQHandler ;CAN0 Interrupt
                                                            
  126 000000CC 00000000        DCD              CAN0_Wakeup_IRQHandler ;CAN0 Wa
                                                            keup Interrupt
  127 000000D0 00000000        DCD              CAN1_IRQHandler ;CAN1 Interrupt
                                                            
  128 000000D4 00000000        DCD              CAN1_Wakeup_IRQHandler ;CAN1 Wa
                                                            keup Interrupt
  129 000000D8 00000000        DCD              CAN2_IRQHandler ;CAN2 Interrupt
                                                            
  130 000000DC 00000000        DCD              CAN2_Wakeup_IRQHandler ;CAN2 Wa
                                                            keup Interrupt
  131 000000E0 00000000        DCD              CAN3_IRQHandler ;CAN3 Interrupt
                                                            
  132 000000E4 00000000        DCD              CAN3_Wakeup_IRQHandler ;CAN3 Wa
                                                            keup Interrupt
  133 000000E8 00000000        DCD              0           ;Reserved
  134 000000EC 00000000        DCD              0           ;Reserved



ARM Macro Assembler    Page 5 


  135 000000F0 00000000        DCD              0           ;Reserved
  136 000000F4 00000000        DCD              0           ;Reserved
  137 000000F8 00000000        DCD              PDT0_IRQHandler ;PDT0 Interrupt
                                                            
  138 000000FC 00000000        DCD              PDT1_IRQHandler ;PDT1 Interrupt
                                                            
  139 00000100 00000000        DCD              ADC0_IRQHandler ;ADC0 Interrupt
                                                            
  140 00000104 00000000        DCD              ADC1_IRQHandler ;ADC1 Interrupt
                                                            
  141 00000108 00000000        DCD              ACMP0_IRQHandler 
                                                            ;ACMP0 Interrupt
  142 0000010C 00000000        DCD              WDG_IRQHandler ;WDG Interrupt
  143 00000110 00000000        DCD              EWDG_IRQHandler ;EWDG Interrupt
                                                            
  144 00000114 00000000        DCD              MCM_IRQHandler ;MCM Interrupt
  145 00000118 00000000        DCD              LVD_IRQHandler ;LVD Interrupt
  146 0000011C 00000000        DCD              SPM_IRQHandler ;SPM Interrupt
  147 00000120 00000000        DCD              RCM_IRQHandler ;RCM Interrupt
  148 00000124 00000000        DCD              PWM0_Overflow_IRQHandler ;PWM0 
                                                            Overflow Interrupt
  149 00000128 00000000        DCD              PWM0_Channel_IRQHandler ;PWM0 C
                                                            hannel Interrupt
  150 0000012C 00000000        DCD              PWM0_Fault_IRQHandler ;PWM0 Fau
                                                            lt Interrupt
  151 00000130 00000000        DCD              PWM1_Overflow_IRQHandler ;PWM1 
                                                            Overflow Interrupt
  152 00000134 00000000        DCD              PWM1_Channel_IRQHandler ;PWM1 C
                                                            hannel Interrupt
  153 00000138 00000000        DCD              PWM1_Fault_IRQHandler ;PWM1 Fau
                                                            lt Interrupt
  154 0000013C 00000000        DCD              PWM2_Overflow_IRQHandler ;PWM2 
                                                            Overflow Interrupt
  155 00000140 00000000        DCD              PWM2_Channel_IRQHandler ;PWM2 C
                                                            hannel Interrupt
  156 00000144 00000000        DCD              PWM2_Fault_IRQHandler ;PWM2 Fau
                                                            lt Interrupt
  157 00000148 00000000        DCD              PWM3_Overflow_IRQHandler ;PWM3 
                                                            Overflow Interrupt
  158 0000014C 00000000        DCD              PWM3_Channel_IRQHandler ;PWM3 C
                                                            hannel Interrupt
  159 00000150 00000000        DCD              PWM3_Fault_IRQHandler ;PWM3 Fau
                                                            lt Interrupt
  160 00000154 00000000        DCD              PWM4_Overflow_IRQHandler ;PWM4 
                                                            Overflow Interrupt
  161 00000158 00000000        DCD              PWM4_Channel_IRQHandler ;PWM4 C
                                                            hannel Interrupt
  162 0000015C 00000000        DCD              PWM4_Fault_IRQHandler ;PWM4 Fau
                                                            lt Interrupt
  163 00000160 00000000        DCD              PWM5_Overflow_IRQHandler ;PWM5 
                                                            Overflow Interrupt
  164 00000164 00000000        DCD              PWM5_Channel_IRQHandler ;PWM5 C
                                                            hannel Interrupt
  165 00000168 00000000        DCD              PWM5_Fault_IRQHandler ;PWM5 Fau
                                                            lt Interrupt
  166 0000016C 00000000        DCD              0           ;Reserved
  167 00000170 00000000        DCD              0           ;Reserved
  168 00000174 00000000        DCD              0           ;Reserved
  169 00000178 00000000        DCD              0           ;Reserved



ARM Macro Assembler    Page 6 


  170 0000017C 00000000        DCD              0           ;Reserved
  171 00000180 00000000        DCD              0           ;Reserved
  172 00000184 00000000        DCD              RTC_IRQHandler ;RTC Interrupt
  173 00000188 00000000        DCD              PCT_IRQHandler ;PCT Interrupt
  174 0000018C 00000000        DCD              TIMER_Channel0_IRQHandler ;TIME
                                                            R Channel0 Interrup
                                                            t
  175 00000190 00000000        DCD              TIMER_Channel1_IRQHandler ;TIME
                                                            R Channel1 Interrup
                                                            t
  176 00000194 00000000        DCD              TIMER_Channel2_IRQHandler ;TIME
                                                            R Channel2 Interrup
                                                            t
  177 00000198 00000000        DCD              TIMER_Channel3_IRQHandler ;TIME
                                                            R Channel3 Interrup
                                                            t
  178 0000019C 00000000        DCD              CSE_IRQHandler ;CSE Interrupt
  179 000001A0 00000000        DCD              FLASH_ECC_IRQHandler ;Flash ECC
                                                             Interrupt
  180 000001A4 00000000        DCD              FLASH_IRQHandler 
                                                            ;Flash Interrupt
  181 000001A8 00000000        DCD              FLASH_Collision_IRQHandler ;Fla
                                                            sh Collision Interr
                                                            upt
  182 000001AC 00000000        DCD              ECC_1BIT_IRQHandler 
                                                            ;ECC 1BIT Interrupt
                                                            
  183 000001B0 00000000        DCD              ECC_2BIT_IRQHandler 
                                                            ;ECC 2BIT Interrupt
                                                            
  184 000001B4         
  185 000001B4         __Vectors_End
  186 000001B4         
  187 000001B4 000001B4 
                       __Vectors_Size
                               EQU              __Vectors_End - __Vectors
  188 000001B4         
  189 000001B4                 AREA             |.text|, CODE, READONLY
  190 00000000         
  191 00000000         ; Reset handler
  192 00000000         Reset_Handler
                               PROC
  193 00000000                 EXPORT           Reset_Handler             [WEAK
]
  194 00000000 B672            CPSID            I           ; Mask interrupts
  195 00000002         
  196 00000002         ; Init ECC SRAM
  197 00000002                 IMPORT           InitSram
  198 00000002 4808            LDR              R0, =InitSram
  199 00000004 4780            BLX              R0
  200 00000006         
  201 00000006                 IMPORT           SystemInit
  202 00000006                 IMPORT           __main
  203 00000006         
  204 00000006 4808            LDR              R0, =SystemInit
  205 00000008 4780            BLX              R0
  206 0000000A         
  207 0000000A B662            CPSIE            I           ; Unmask interrupts
                                                            



ARM Macro Assembler    Page 7 


  208 0000000C 4807            LDR              R0, =__main
  209 0000000E 4700            BX               R0
  210 00000010                 ENDP
  211 00000010         
  212 00000010         ; Dummy Exception Handlers (infinite loops which can be 
                       modified)
  213 00000010         
  214 00000010         NMI_Handler
                               PROC
  215 00000010                 EXPORT           NMI_Handler                    
   [WEAK]
  216 00000010 E7FE            B                .
  217 00000012                 ENDP
  219 00000012         HardFault_Handler
                               PROC
  220 00000012                 EXPORT           HardFault_Handler              
   [WEAK]
  221 00000012 E7FE            B                .
  222 00000014                 ENDP
  224 00000014         MemManage_Handler
                               PROC
  225 00000014                 EXPORT           MemManage_Handler              
   [WEAK]
  226 00000014 E7FE            B                .
  227 00000016                 ENDP
  229 00000016         BusFault_Handler
                               PROC
  230 00000016                 EXPORT           BusFault_Handler               
   [WEAK]
  231 00000016 E7FE            B                .
  232 00000018                 ENDP
  234 00000018         UsageFault_Handler
                               PROC
  235 00000018                 EXPORT           UsageFault_Handler             
   [WEAK]
  236 00000018 E7FE            B                .
  237 0000001A                 ENDP
  238 0000001A         SVC_Handler
                               PROC
  239 0000001A                 EXPORT           SVC_Handler                    
   [WEAK]
  240 0000001A E7FE            B                .
  241 0000001C                 ENDP
  243 0000001C         DebugMon_Handler
                               PROC
  244 0000001C                 EXPORT           DebugMon_Handler               
   [WEAK]
  245 0000001C E7FE            B                .
  246 0000001E                 ENDP
  247 0000001E         PendSV_Handler
                               PROC
  248 0000001E                 EXPORT           PendSV_Handler                 
   [WEAK]
  249 0000001E E7FE            B                .
  250 00000020                 ENDP
  251 00000020         SysTick_Handler
                               PROC
  252 00000020                 EXPORT           SysTick_Handler                
   [WEAK]



ARM Macro Assembler    Page 8 


  253 00000020 E7FE            B                .
  254 00000022                 ENDP
  255 00000022         Default_Handler
                               PROC
  256 00000022                 EXPORT           DMA0_Channel0_IRQHandler       
   [WEAK]
  257 00000022                 EXPORT           DMA0_Channel1_IRQHandler       
   [WEAK]
  258 00000022                 EXPORT           DMA0_Channel2_IRQHandler       
   [WEAK]
  259 00000022                 EXPORT           DMA0_Channel3_IRQHandler       
   [WEAK]
  260 00000022                 EXPORT           DMA0_Channel4_IRQHandler       
   [WEAK]
  261 00000022                 EXPORT           DMA0_Channel5_IRQHandler       
   [WEAK]
  262 00000022                 EXPORT           DMA0_Channel6_IRQHandler       
   [WEAK]
  263 00000022                 EXPORT           DMA0_Channel7_IRQHandler       
   [WEAK]
  264 00000022                 EXPORT           DMA0_Channel8_IRQHandler       
   [WEAK]
  265 00000022                 EXPORT           DMA0_Channel9_IRQHandler       
   [WEAK]
  266 00000022                 EXPORT           DMA0_Channel10_IRQHandler      
   [WEAK]
  267 00000022                 EXPORT           DMA0_Channel11_IRQHandler      
   [WEAK]
  268 00000022                 EXPORT           DMA0_Channel12_IRQHandler      
   [WEAK]
  269 00000022                 EXPORT           DMA0_Channel13_IRQHandler      
   [WEAK]
  270 00000022                 EXPORT           DMA0_Channel14_IRQHandler      
   [WEAK]
  271 00000022                 EXPORT           DMA0_Channel15_IRQHandler      
   [WEAK]
  272 00000022                 EXPORT           PORTA_IRQHandler               
   [WEAK]
  273 00000022                 EXPORT           PORTB_IRQHandler               
   [WEAK]
  274 00000022                 EXPORT           PORTC_IRQHandler               
   [WEAK]
  275 00000022                 EXPORT           PORTD_IRQHandler               
   [WEAK]
  276 00000022                 EXPORT           PORTE_IRQHandler               
   [WEAK]
  277 00000022                 EXPORT           UART0_IRQHandler               
   [WEAK]
  278 00000022                 EXPORT           UART1_IRQHandler               
   [WEAK]
  279 00000022                 EXPORT           UART2_IRQHandler               
   [WEAK]
  280 00000022                 EXPORT           UART3_IRQHandler               
   [WEAK]
  281 00000022                 EXPORT           SPI0_IRQHandler                
   [WEAK]
  282 00000022                 EXPORT           SPI1_IRQHandler                
   [WEAK]
  283 00000022                 EXPORT           SPI2_IRQHandler                



ARM Macro Assembler    Page 9 


   [WEAK]
  284 00000022                 EXPORT           I2C0_IRQHandler                
   [WEAK]
  285 00000022                 EXPORT           EIO_IRQHandler                 
   [WEAK]
  286 00000022                 EXPORT           CAN0_IRQHandler                
   [WEAK]
  287 00000022                 EXPORT           CAN0_Wakeup_IRQHandler         
   [WEAK]
  288 00000022                 EXPORT           CAN1_IRQHandler                
   [WEAK]
  289 00000022                 EXPORT           CAN1_Wakeup_IRQHandler         
   [WEAK]
  290 00000022                 EXPORT           CAN2_IRQHandler                
   [WEAK]
  291 00000022                 EXPORT           CAN2_Wakeup_IRQHandler         
   [WEAK]
  292 00000022                 EXPORT           CAN3_IRQHandler                
   [WEAK]
  293 00000022                 EXPORT           CAN3_Wakeup_IRQHandler         
   [WEAK]
  294 00000022                 EXPORT           PDT0_IRQHandler                
   [WEAK]
  295 00000022                 EXPORT           PDT1_IRQHandler                
   [WEAK]
  296 00000022                 EXPORT           ADC0_IRQHandler                
   [WEAK]
  297 00000022                 EXPORT           ADC1_IRQHandler                
   [WEAK]
  298 00000022                 EXPORT           ACMP0_IRQHandler               
   [WEAK]
  299 00000022                 EXPORT           WDG_IRQHandler                 
   [WEAK]
  300 00000022                 EXPORT           EWDG_IRQHandler                
   [WEAK]
  301 00000022                 EXPORT           MCM_IRQHandler                 
   [WEAK]
  302 00000022                 EXPORT           LVD_IRQHandler                 
   [WEAK]
  303 00000022                 EXPORT           SPM_IRQHandler                 
   [WEAK]
  304 00000022                 EXPORT           RCM_IRQHandler                 
   [WEAK]
  305 00000022                 EXPORT           PWM0_Overflow_IRQHandler       
   [WEAK]
  306 00000022                 EXPORT           PWM0_Channel_IRQHandler        
   [WEAK]
  307 00000022                 EXPORT           PWM0_Fault_IRQHandler          
   [WEAK]
  308 00000022                 EXPORT           PWM1_Overflow_IRQHandler       
   [WEAK]
  309 00000022                 EXPORT           PWM1_Channel_IRQHandler        
   [WEAK]
  310 00000022                 EXPORT           PWM1_Fault_IRQHandler          
   [WEAK]
  311 00000022                 EXPORT           PWM2_Overflow_IRQHandler       
   [WEAK]
  312 00000022                 EXPORT           PWM2_Channel_IRQHandler        
   [WEAK]



ARM Macro Assembler    Page 10 


  313 00000022                 EXPORT           PWM2_Fault_IRQHandler          
   [WEAK]
  314 00000022                 EXPORT           PWM3_Overflow_IRQHandler       
   [WEAK]
  315 00000022                 EXPORT           PWM3_Channel_IRQHandler        
   [WEAK]
  316 00000022                 EXPORT           PWM3_Fault_IRQHandler          
   [WEAK]
  317 00000022                 EXPORT           PWM4_Overflow_IRQHandler       
   [WEAK]
  318 00000022                 EXPORT           PWM4_Channel_IRQHandler        
   [WEAK]
  319 00000022                 EXPORT           PWM4_Fault_IRQHandler          
   [WEAK]
  320 00000022                 EXPORT           PWM5_Overflow_IRQHandler       
   [WEAK]
  321 00000022                 EXPORT           PWM5_Channel_IRQHandler        
   [WEAK]
  322 00000022                 EXPORT           PWM5_Fault_IRQHandler          
   [WEAK]
  323 00000022                 EXPORT           RTC_IRQHandler                 
   [WEAK]
  324 00000022                 EXPORT           PCT_IRQHandler                 
   [WEAK]
  325 00000022                 EXPORT           TIMER_Channel0_IRQHandler      
   [WEAK]
  326 00000022                 EXPORT           TIMER_Channel1_IRQHandler      
   [WEAK]
  327 00000022                 EXPORT           TIMER_Channel2_IRQHandler      
   [WEAK]
  328 00000022                 EXPORT           TIMER_Channel3_IRQHandler      
   [WEAK]
  329 00000022                 EXPORT           CSE_IRQHandler                 
   [WEAK]
  330 00000022                 EXPORT           FLASH_ECC_IRQHandler           
   [WEAK]
  331 00000022                 EXPORT           FLASH_IRQHandler               
   [WEAK]
  332 00000022                 EXPORT           FLASH_Collision_IRQHandler     
   [WEAK]
  333 00000022                 EXPORT           ECC_1BIT_IRQHandler            
   [WEAK]
  334 00000022                 EXPORT           ECC_2BIT_IRQHandler            
   [WEAK]
  335 00000022         DMA0_Channel0_IRQHandler
  336 00000022         DMA0_Channel1_IRQHandler
  337 00000022         DMA0_Channel2_IRQHandler
  338 00000022         DMA0_Channel3_IRQHandler
  339 00000022         DMA0_Channel4_IRQHandler
  340 00000022         DMA0_Channel5_IRQHandler
  341 00000022         DMA0_Channel6_IRQHandler
  342 00000022         DMA0_Channel7_IRQHandler
  343 00000022         DMA0_Channel8_IRQHandler
  344 00000022         DMA0_Channel9_IRQHandler
  345 00000022         DMA0_Channel10_IRQHandler
  346 00000022         DMA0_Channel11_IRQHandler
  347 00000022         DMA0_Channel12_IRQHandler
  348 00000022         DMA0_Channel13_IRQHandler
  349 00000022         DMA0_Channel14_IRQHandler



ARM Macro Assembler    Page 11 


  350 00000022         DMA0_Channel15_IRQHandler
  351 00000022         PORTA_IRQHandler
  352 00000022         PORTB_IRQHandler
  353 00000022         PORTC_IRQHandler
  354 00000022         PORTD_IRQHandler
  355 00000022         PORTE_IRQHandler
  356 00000022         UART0_IRQHandler
  357 00000022         UART1_IRQHandler
  358 00000022         UART2_IRQHandler
  359 00000022         UART3_IRQHandler
  360 00000022         SPI0_IRQHandler
  361 00000022         SPI1_IRQHandler
  362 00000022         SPI2_IRQHandler
  363 00000022         I2C0_IRQHandler
  364 00000022         EIO_IRQHandler
  365 00000022         CAN0_IRQHandler
  366 00000022         CAN0_Wakeup_IRQHandler
  367 00000022         CAN1_IRQHandler
  368 00000022         CAN1_Wakeup_IRQHandler
  369 00000022         CAN2_IRQHandler
  370 00000022         CAN2_Wakeup_IRQHandler
  371 00000022         CAN3_IRQHandler
  372 00000022         CAN3_Wakeup_IRQHandler
  373 00000022         PDT0_IRQHandler
  374 00000022         PDT1_IRQHandler
  375 00000022         ADC0_IRQHandler
  376 00000022         ADC1_IRQHandler
  377 00000022         ACMP0_IRQHandler
  378 00000022         WDG_IRQHandler
  379 00000022         EWDG_IRQHandler
  380 00000022         MCM_IRQHandler
  381 00000022         LVD_IRQHandler
  382 00000022         SPM_IRQHandler
  383 00000022         RCM_IRQHandler
  384 00000022         PWM0_Overflow_IRQHandler
  385 00000022         PWM0_Channel_IRQHandler
  386 00000022         PWM0_Fault_IRQHandler
  387 00000022         PWM1_Overflow_IRQHandler
  388 00000022         PWM1_Channel_IRQHandler
  389 00000022         PWM1_Fault_IRQHandler
  390 00000022         PWM2_Overflow_IRQHandler
  391 00000022         PWM2_Channel_IRQHandler
  392 00000022         PWM2_Fault_IRQHandler
  393 00000022         PWM3_Overflow_IRQHandler
  394 00000022         PWM3_Channel_IRQHandler
  395 00000022         PWM3_Fault_IRQHandler
  396 00000022         PWM4_Overflow_IRQHandler
  397 00000022         PWM4_Channel_IRQHandler
  398 00000022         PWM4_Fault_IRQHandler
  399 00000022         PWM5_Overflow_IRQHandler
  400 00000022         PWM5_Channel_IRQHandler
  401 00000022         PWM5_Fault_IRQHandler
  402 00000022         RTC_IRQHandler
  403 00000022         PCT_IRQHandler
  404 00000022         TIMER_Channel0_IRQHandler
  405 00000022         TIMER_Channel1_IRQHandler
  406 00000022         TIMER_Channel2_IRQHandler
  407 00000022         TIMER_Channel3_IRQHandler
  408 00000022         CSE_IRQHandler



ARM Macro Assembler    Page 12 


  409 00000022         FLASH_ECC_IRQHandler
  410 00000022         FLASH_IRQHandler
  411 00000022         FLASH_Collision_IRQHandler
  412 00000022         ECC_1BIT_IRQHandler
  413 00000022         ECC_2BIT_IRQHandler
  414 00000022         
  415 00000022 E7FE            B                .
  416 00000024         
  417 00000024                 ENDP
  418 00000024         
  419 00000024                 ALIGN
  420 00000024         
  421 00000024         ;*******************************************************
                       ************************
  422 00000024         ; User Stack and Heap initialization
  423 00000024         ;*******************************************************
                       ************************
  424 00000024                 IF               :DEF:__MICROLIB
  425 00000024         
  426 00000024                 EXPORT           __initial_sp
  427 00000024                 EXPORT           __heap_base
  428 00000024                 EXPORT           __heap_limit
  429 00000024         
  430 00000024                 ELSE
  445                          ENDIF
  446 00000024         
  447 00000024                 END
              00000000 
              00000000 
              00000000 
Command Line: --debug --xref --diag_suppress=9931 --cpu=Cortex-M4.fp --apcs=int
erwork --depend=.\objects\startup_ac7840x.d -o.\objects\startup_ac7840x.o -IC:\
Users\22941\Desktop\高压项目\Development\高压项目代码8.0\MDK-ARM\RTE -IC:\Users
\22941\Desktop\高压项目\Development\高压项目代码8.0\MDK-ARM\RTE\Device\AC78406H
GLA -IC:\Keil_v5\ARM\PACK\ARM\CMSIS\4.5.0\CMSIS\Include -IC:\Keil_v5\ARM\PACK\A
utoChips\AC7840x_DFP\3.2.0\Device\ac7840x\include -IC:\Keil_v5\ARM\PACK\AutoChi
ps\AC7840x_DFP\3.2.0\Device\ac7840x\startup -IC:\Keil_v5\ARM\PACK\AutoChips\AC7
840x_DFP\3.2.0\Driver\inc -IC:\Keil_v5\ARM\PACK\AutoChips\AC7840x_DFP\3.2.0\Dri
ver\src\acmp -IC:\Keil_v5\ARM\PACK\AutoChips\AC7840x_DFP\3.2.0\Driver\src\adc -
IC:\Keil_v5\ARM\PACK\AutoChips\AC7840x_DFP\3.2.0\Driver\src\can -IC:\Keil_v5\AR
M\PACK\AutoChips\AC7840x_DFP\3.2.0\Driver\src\ckgen -IC:\Keil_v5\ARM\PACK\AutoC
hips\AC7840x_DFP\3.2.0\Driver\src\ctu -IC:\Keil_v5\ARM\PACK\AutoChips\AC7840x_D
FP\3.2.0\Driver\src\dma -IC:\Keil_v5\ARM\PACK\AutoChips\AC7840x_DFP\3.2.0\Drive
r\src\eim -IC:\Keil_v5\ARM\PACK\AutoChips\AC7840x_DFP\3.2.0\Driver\src\flash -I
C:\Keil_v5\ARM\PACK\AutoChips\AC7840x_DFP\3.2.0\Driver\src\gpio -IC:\Keil_v5\AR
M\PACK\AutoChips\AC7840x_DFP\3.2.0\Driver\src\pct -IC:\Keil_v5\ARM\PACK\AutoChi
ps\AC7840x_DFP\3.2.0\Driver\src\pdt -IC:\Keil_v5\ARM\PACK\AutoChips\AC7840x_DFP
\3.2.0\Driver\src\pwm -IC:\Keil_v5\ARM\PACK\AutoChips\AC7840x_DFP\3.2.0\Driver\
src\rcm -IC:\Keil_v5\ARM\PACK\AutoChips\AC7840x_DFP\3.2.0\Driver\src\rtc -IC:\K
eil_v5\ARM\PACK\AutoChips\AC7840x_DFP\3.2.0\Driver\src\spi -IC:\Keil_v5\ARM\PAC
K\AutoChips\AC7840x_DFP\3.2.0\Driver\src\spm -IC:\Keil_v5\ARM\PACK\AutoChips\AC
7840x_DFP\3.2.0\Driver\src\timer -IC:\Keil_v5\ARM\PACK\AutoChips\AC7840x_DFP\3.
2.0\Driver\src\uart -IC:\Keil_v5\ARM\PACK\AutoChips\AC7840x_DFP\3.2.0\Driver\sr
c\wdg -IC:\Keil_v5\ARM\PACK\AutoChips\AC7840x_DFP\3.2.0\Rtos\osif --predefine="
__MICROLIB SETA 1" --predefine="__UVISION_VERSION SETA 521" --predefine="_RTE_ 
SETA 1" --list=.\listings\startup_ac7840x.lst RTE\Device\AC78406HGLA\startup_ac
7840x.s



ARM Macro Assembler    Page 1 Alphabetic symbol ordering
Relocatable symbols

STACK 00000000

Symbol: STACK
   Definitions
      At line 47 in file RTE\Device\AC78406HGLA\startup_ac7840x.s
   Uses
      None
Comment: STACK unused
Stack_Mem 00000000

Symbol: Stack_Mem
   Definitions
      At line 48 in file RTE\Device\AC78406HGLA\startup_ac7840x.s
   Uses
      None
Comment: Stack_Mem unused
__initial_sp 00000400

Symbol: __initial_sp
   Definitions
      At line 49 in file RTE\Device\AC78406HGLA\startup_ac7840x.s
   Uses
      At line 73 in file RTE\Device\AC78406HGLA\startup_ac7840x.s
      At line 426 in file RTE\Device\AC78406HGLA\startup_ac7840x.s

3 symbols



ARM Macro Assembler    Page 1 Alphabetic symbol ordering
Relocatable symbols

HEAP 00000000

Symbol: HEAP
   Definitions
      At line 58 in file RTE\Device\AC78406HGLA\startup_ac7840x.s
   Uses
      None
Comment: HEAP unused
Heap_Mem 00000000

Symbol: Heap_Mem
   Definitions
      At line 60 in file RTE\Device\AC78406HGLA\startup_ac7840x.s
   Uses
      None
Comment: Heap_Mem unused
__heap_base 00000000

Symbol: __heap_base
   Definitions
      At line 59 in file RTE\Device\AC78406HGLA\startup_ac7840x.s
   Uses
      At line 427 in file RTE\Device\AC78406HGLA\startup_ac7840x.s
Comment: __heap_base used once
__heap_limit 00000200

Symbol: __heap_limit
   Definitions
      At line 61 in file RTE\Device\AC78406HGLA\startup_ac7840x.s
   Uses
      At line 428 in file RTE\Device\AC78406HGLA\startup_ac7840x.s
Comment: __heap_limit used once
4 symbols



ARM Macro Assembler    Page 1 Alphabetic symbol ordering
Relocatable symbols

RESET 00000000

Symbol: RESET
   Definitions
      At line 68 in file RTE\Device\AC78406HGLA\startup_ac7840x.s
   Uses
      None
Comment: RESET unused
__Vectors 00000000

Symbol: __Vectors
   Definitions
      At line 73 in file RTE\Device\AC78406HGLA\startup_ac7840x.s
   Uses
      At line 69 in file RTE\Device\AC78406HGLA\startup_ac7840x.s
      At line 187 in file RTE\Device\AC78406HGLA\startup_ac7840x.s

__Vectors_End 000001B4

Symbol: __Vectors_End
   Definitions
      At line 185 in file RTE\Device\AC78406HGLA\startup_ac7840x.s
   Uses
      At line 70 in file RTE\Device\AC78406HGLA\startup_ac7840x.s
      At line 187 in file RTE\Device\AC78406HGLA\startup_ac7840x.s

3 symbols



ARM Macro Assembler    Page 1 Alphabetic symbol ordering
Relocatable symbols

.text 00000000

Symbol: .text
   Definitions
      At line 189 in file RTE\Device\AC78406HGLA\startup_ac7840x.s
   Uses
      None
Comment: .text unused
ACMP0_IRQHandler 00000022

Symbol: ACMP0_IRQHandler
   Definitions
      At line 377 in file RTE\Device\AC78406HGLA\startup_ac7840x.s
   Uses
      At line 141 in file RTE\Device\AC78406HGLA\startup_ac7840x.s
      At line 298 in file RTE\Device\AC78406HGLA\startup_ac7840x.s

ADC0_IRQHandler 00000022

Symbol: ADC0_IRQHandler
   Definitions
      At line 375 in file RTE\Device\AC78406HGLA\startup_ac7840x.s
   Uses
      At line 139 in file RTE\Device\AC78406HGLA\startup_ac7840x.s
      At line 296 in file RTE\Device\AC78406HGLA\startup_ac7840x.s

ADC1_IRQHandler 00000022

Symbol: ADC1_IRQHandler
   Definitions
      At line 376 in file RTE\Device\AC78406HGLA\startup_ac7840x.s
   Uses
      At line 140 in file RTE\Device\AC78406HGLA\startup_ac7840x.s
      At line 297 in file RTE\Device\AC78406HGLA\startup_ac7840x.s

BusFault_Handler 00000016

Symbol: BusFault_Handler
   Definitions
      At line 229 in file RTE\Device\AC78406HGLA\startup_ac7840x.s
   Uses
      At line 78 in file RTE\Device\AC78406HGLA\startup_ac7840x.s
      At line 230 in file RTE\Device\AC78406HGLA\startup_ac7840x.s

CAN0_IRQHandler 00000022

Symbol: CAN0_IRQHandler
   Definitions
      At line 365 in file RTE\Device\AC78406HGLA\startup_ac7840x.s
   Uses
      At line 125 in file RTE\Device\AC78406HGLA\startup_ac7840x.s
      At line 286 in file RTE\Device\AC78406HGLA\startup_ac7840x.s

CAN0_Wakeup_IRQHandler 00000022

Symbol: CAN0_Wakeup_IRQHandler
   Definitions
      At line 366 in file RTE\Device\AC78406HGLA\startup_ac7840x.s
   Uses



ARM Macro Assembler    Page 2 Alphabetic symbol ordering
Relocatable symbols

      At line 126 in file RTE\Device\AC78406HGLA\startup_ac7840x.s
      At line 287 in file RTE\Device\AC78406HGLA\startup_ac7840x.s

CAN1_IRQHandler 00000022

Symbol: CAN1_IRQHandler
   Definitions
      At line 367 in file RTE\Device\AC78406HGLA\startup_ac7840x.s
   Uses
      At line 127 in file RTE\Device\AC78406HGLA\startup_ac7840x.s
      At line 288 in file RTE\Device\AC78406HGLA\startup_ac7840x.s

CAN1_Wakeup_IRQHandler 00000022

Symbol: CAN1_Wakeup_IRQHandler
   Definitions
      At line 368 in file RTE\Device\AC78406HGLA\startup_ac7840x.s
   Uses
      At line 128 in file RTE\Device\AC78406HGLA\startup_ac7840x.s
      At line 289 in file RTE\Device\AC78406HGLA\startup_ac7840x.s

CAN2_IRQHandler 00000022

Symbol: CAN2_IRQHandler
   Definitions
      At line 369 in file RTE\Device\AC78406HGLA\startup_ac7840x.s
   Uses
      At line 129 in file RTE\Device\AC78406HGLA\startup_ac7840x.s
      At line 290 in file RTE\Device\AC78406HGLA\startup_ac7840x.s

CAN2_Wakeup_IRQHandler 00000022

Symbol: CAN2_Wakeup_IRQHandler
   Definitions
      At line 370 in file RTE\Device\AC78406HGLA\startup_ac7840x.s
   Uses
      At line 130 in file RTE\Device\AC78406HGLA\startup_ac7840x.s
      At line 291 in file RTE\Device\AC78406HGLA\startup_ac7840x.s

CAN3_IRQHandler 00000022

Symbol: CAN3_IRQHandler
   Definitions
      At line 371 in file RTE\Device\AC78406HGLA\startup_ac7840x.s
   Uses
      At line 131 in file RTE\Device\AC78406HGLA\startup_ac7840x.s
      At line 292 in file RTE\Device\AC78406HGLA\startup_ac7840x.s

CAN3_Wakeup_IRQHandler 00000022

Symbol: CAN3_Wakeup_IRQHandler
   Definitions
      At line 372 in file RTE\Device\AC78406HGLA\startup_ac7840x.s
   Uses
      At line 132 in file RTE\Device\AC78406HGLA\startup_ac7840x.s
      At line 293 in file RTE\Device\AC78406HGLA\startup_ac7840x.s

CSE_IRQHandler 00000022




ARM Macro Assembler    Page 3 Alphabetic symbol ordering
Relocatable symbols

Symbol: CSE_IRQHandler
   Definitions
      At line 408 in file RTE\Device\AC78406HGLA\startup_ac7840x.s
   Uses
      At line 178 in file RTE\Device\AC78406HGLA\startup_ac7840x.s
      At line 329 in file RTE\Device\AC78406HGLA\startup_ac7840x.s

DMA0_Channel0_IRQHandler 00000022

Symbol: DMA0_Channel0_IRQHandler
   Definitions
      At line 335 in file RTE\Device\AC78406HGLA\startup_ac7840x.s
   Uses
      At line 91 in file RTE\Device\AC78406HGLA\startup_ac7840x.s
      At line 256 in file RTE\Device\AC78406HGLA\startup_ac7840x.s

DMA0_Channel10_IRQHandler 00000022

Symbol: DMA0_Channel10_IRQHandler
   Definitions
      At line 345 in file RTE\Device\AC78406HGLA\startup_ac7840x.s
   Uses
      At line 101 in file RTE\Device\AC78406HGLA\startup_ac7840x.s
      At line 266 in file RTE\Device\AC78406HGLA\startup_ac7840x.s

DMA0_Channel11_IRQHandler 00000022

Symbol: DMA0_Channel11_IRQHandler
   Definitions
      At line 346 in file RTE\Device\AC78406HGLA\startup_ac7840x.s
   Uses
      At line 102 in file RTE\Device\AC78406HGLA\startup_ac7840x.s
      At line 267 in file RTE\Device\AC78406HGLA\startup_ac7840x.s

DMA0_Channel12_IRQHandler 00000022

Symbol: DMA0_Channel12_IRQHandler
   Definitions
      At line 347 in file RTE\Device\AC78406HGLA\startup_ac7840x.s
   Uses
      At line 103 in file RTE\Device\AC78406HGLA\startup_ac7840x.s
      At line 268 in file RTE\Device\AC78406HGLA\startup_ac7840x.s

DMA0_Channel13_IRQHandler 00000022

Symbol: DMA0_Channel13_IRQHandler
   Definitions
      At line 348 in file RTE\Device\AC78406HGLA\startup_ac7840x.s
   Uses
      At line 104 in file RTE\Device\AC78406HGLA\startup_ac7840x.s
      At line 269 in file RTE\Device\AC78406HGLA\startup_ac7840x.s

DMA0_Channel14_IRQHandler 00000022

Symbol: DMA0_Channel14_IRQHandler
   Definitions
      At line 349 in file RTE\Device\AC78406HGLA\startup_ac7840x.s
   Uses
      At line 105 in file RTE\Device\AC78406HGLA\startup_ac7840x.s



ARM Macro Assembler    Page 4 Alphabetic symbol ordering
Relocatable symbols

      At line 270 in file RTE\Device\AC78406HGLA\startup_ac7840x.s

DMA0_Channel15_IRQHandler 00000022

Symbol: DMA0_Channel15_IRQHandler
   Definitions
      At line 350 in file RTE\Device\AC78406HGLA\startup_ac7840x.s
   Uses
      At line 106 in file RTE\Device\AC78406HGLA\startup_ac7840x.s
      At line 271 in file RTE\Device\AC78406HGLA\startup_ac7840x.s

DMA0_Channel1_IRQHandler 00000022

Symbol: DMA0_Channel1_IRQHandler
   Definitions
      At line 336 in file RTE\Device\AC78406HGLA\startup_ac7840x.s
   Uses
      At line 92 in file RTE\Device\AC78406HGLA\startup_ac7840x.s
      At line 257 in file RTE\Device\AC78406HGLA\startup_ac7840x.s

DMA0_Channel2_IRQHandler 00000022

Symbol: DMA0_Channel2_IRQHandler
   Definitions
      At line 337 in file RTE\Device\AC78406HGLA\startup_ac7840x.s
   Uses
      At line 93 in file RTE\Device\AC78406HGLA\startup_ac7840x.s
      At line 258 in file RTE\Device\AC78406HGLA\startup_ac7840x.s

DMA0_Channel3_IRQHandler 00000022

Symbol: DMA0_Channel3_IRQHandler
   Definitions
      At line 338 in file RTE\Device\AC78406HGLA\startup_ac7840x.s
   Uses
      At line 94 in file RTE\Device\AC78406HGLA\startup_ac7840x.s
      At line 259 in file RTE\Device\AC78406HGLA\startup_ac7840x.s

DMA0_Channel4_IRQHandler 00000022

Symbol: DMA0_Channel4_IRQHandler
   Definitions
      At line 339 in file RTE\Device\AC78406HGLA\startup_ac7840x.s
   Uses
      At line 95 in file RTE\Device\AC78406HGLA\startup_ac7840x.s
      At line 260 in file RTE\Device\AC78406HGLA\startup_ac7840x.s

DMA0_Channel5_IRQHandler 00000022

Symbol: DMA0_Channel5_IRQHandler
   Definitions
      At line 340 in file RTE\Device\AC78406HGLA\startup_ac7840x.s
   Uses
      At line 96 in file RTE\Device\AC78406HGLA\startup_ac7840x.s
      At line 261 in file RTE\Device\AC78406HGLA\startup_ac7840x.s

DMA0_Channel6_IRQHandler 00000022

Symbol: DMA0_Channel6_IRQHandler



ARM Macro Assembler    Page 5 Alphabetic symbol ordering
Relocatable symbols

   Definitions
      At line 341 in file RTE\Device\AC78406HGLA\startup_ac7840x.s
   Uses
      At line 97 in file RTE\Device\AC78406HGLA\startup_ac7840x.s
      At line 262 in file RTE\Device\AC78406HGLA\startup_ac7840x.s

DMA0_Channel7_IRQHandler 00000022

Symbol: DMA0_Channel7_IRQHandler
   Definitions
      At line 342 in file RTE\Device\AC78406HGLA\startup_ac7840x.s
   Uses
      At line 98 in file RTE\Device\AC78406HGLA\startup_ac7840x.s
      At line 263 in file RTE\Device\AC78406HGLA\startup_ac7840x.s

DMA0_Channel8_IRQHandler 00000022

Symbol: DMA0_Channel8_IRQHandler
   Definitions
      At line 343 in file RTE\Device\AC78406HGLA\startup_ac7840x.s
   Uses
      At line 99 in file RTE\Device\AC78406HGLA\startup_ac7840x.s
      At line 264 in file RTE\Device\AC78406HGLA\startup_ac7840x.s

DMA0_Channel9_IRQHandler 00000022

Symbol: DMA0_Channel9_IRQHandler
   Definitions
      At line 344 in file RTE\Device\AC78406HGLA\startup_ac7840x.s
   Uses
      At line 100 in file RTE\Device\AC78406HGLA\startup_ac7840x.s
      At line 265 in file RTE\Device\AC78406HGLA\startup_ac7840x.s

DebugMon_Handler 0000001C

Symbol: DebugMon_Handler
   Definitions
      At line 243 in file RTE\Device\AC78406HGLA\startup_ac7840x.s
   Uses
      At line 85 in file RTE\Device\AC78406HGLA\startup_ac7840x.s
      At line 244 in file RTE\Device\AC78406HGLA\startup_ac7840x.s

Default_Handler 00000022

Symbol: Default_Handler
   Definitions
      At line 255 in file RTE\Device\AC78406HGLA\startup_ac7840x.s
   Uses
      None
Comment: Default_Handler unused
ECC_1BIT_IRQHandler 00000022

Symbol: ECC_1BIT_IRQHandler
   Definitions
      At line 412 in file RTE\Device\AC78406HGLA\startup_ac7840x.s
   Uses
      At line 182 in file RTE\Device\AC78406HGLA\startup_ac7840x.s
      At line 333 in file RTE\Device\AC78406HGLA\startup_ac7840x.s




ARM Macro Assembler    Page 6 Alphabetic symbol ordering
Relocatable symbols

ECC_2BIT_IRQHandler 00000022

Symbol: ECC_2BIT_IRQHandler
   Definitions
      At line 413 in file RTE\Device\AC78406HGLA\startup_ac7840x.s
   Uses
      At line 183 in file RTE\Device\AC78406HGLA\startup_ac7840x.s
      At line 334 in file RTE\Device\AC78406HGLA\startup_ac7840x.s

EIO_IRQHandler 00000022

Symbol: EIO_IRQHandler
   Definitions
      At line 364 in file RTE\Device\AC78406HGLA\startup_ac7840x.s
   Uses
      At line 124 in file RTE\Device\AC78406HGLA\startup_ac7840x.s
      At line 285 in file RTE\Device\AC78406HGLA\startup_ac7840x.s

EWDG_IRQHandler 00000022

Symbol: EWDG_IRQHandler
   Definitions
      At line 379 in file RTE\Device\AC78406HGLA\startup_ac7840x.s
   Uses
      At line 143 in file RTE\Device\AC78406HGLA\startup_ac7840x.s
      At line 300 in file RTE\Device\AC78406HGLA\startup_ac7840x.s

FLASH_Collision_IRQHandler 00000022

Symbol: FLASH_Collision_IRQHandler
   Definitions
      At line 411 in file RTE\Device\AC78406HGLA\startup_ac7840x.s
   Uses
      At line 181 in file RTE\Device\AC78406HGLA\startup_ac7840x.s
      At line 332 in file RTE\Device\AC78406HGLA\startup_ac7840x.s

FLASH_ECC_IRQHandler 00000022

Symbol: FLASH_ECC_IRQHandler
   Definitions
      At line 409 in file RTE\Device\AC78406HGLA\startup_ac7840x.s
   Uses
      At line 179 in file RTE\Device\AC78406HGLA\startup_ac7840x.s
      At line 330 in file RTE\Device\AC78406HGLA\startup_ac7840x.s

FLASH_IRQHandler 00000022

Symbol: FLASH_IRQHandler
   Definitions
      At line 410 in file RTE\Device\AC78406HGLA\startup_ac7840x.s
   Uses
      At line 180 in file RTE\Device\AC78406HGLA\startup_ac7840x.s
      At line 331 in file RTE\Device\AC78406HGLA\startup_ac7840x.s

HardFault_Handler 00000012

Symbol: HardFault_Handler
   Definitions
      At line 219 in file RTE\Device\AC78406HGLA\startup_ac7840x.s



ARM Macro Assembler    Page 7 Alphabetic symbol ordering
Relocatable symbols

   Uses
      At line 76 in file RTE\Device\AC78406HGLA\startup_ac7840x.s
      At line 220 in file RTE\Device\AC78406HGLA\startup_ac7840x.s

I2C0_IRQHandler 00000022

Symbol: I2C0_IRQHandler
   Definitions
      At line 363 in file RTE\Device\AC78406HGLA\startup_ac7840x.s
   Uses
      At line 122 in file RTE\Device\AC78406HGLA\startup_ac7840x.s
      At line 284 in file RTE\Device\AC78406HGLA\startup_ac7840x.s

LVD_IRQHandler 00000022

Symbol: LVD_IRQHandler
   Definitions
      At line 381 in file RTE\Device\AC78406HGLA\startup_ac7840x.s
   Uses
      At line 145 in file RTE\Device\AC78406HGLA\startup_ac7840x.s
      At line 302 in file RTE\Device\AC78406HGLA\startup_ac7840x.s

MCM_IRQHandler 00000022

Symbol: MCM_IRQHandler
   Definitions
      At line 380 in file RTE\Device\AC78406HGLA\startup_ac7840x.s
   Uses
      At line 144 in file RTE\Device\AC78406HGLA\startup_ac7840x.s
      At line 301 in file RTE\Device\AC78406HGLA\startup_ac7840x.s

MemManage_Handler 00000014

Symbol: MemManage_Handler
   Definitions
      At line 224 in file RTE\Device\AC78406HGLA\startup_ac7840x.s
   Uses
      At line 77 in file RTE\Device\AC78406HGLA\startup_ac7840x.s
      At line 225 in file RTE\Device\AC78406HGLA\startup_ac7840x.s

NMI_Handler 00000010

Symbol: NMI_Handler
   Definitions
      At line 214 in file RTE\Device\AC78406HGLA\startup_ac7840x.s
   Uses
      At line 75 in file RTE\Device\AC78406HGLA\startup_ac7840x.s
      At line 215 in file RTE\Device\AC78406HGLA\startup_ac7840x.s

PCT_IRQHandler 00000022

Symbol: PCT_IRQHandler
   Definitions
      At line 403 in file RTE\Device\AC78406HGLA\startup_ac7840x.s
   Uses
      At line 173 in file RTE\Device\AC78406HGLA\startup_ac7840x.s
      At line 324 in file RTE\Device\AC78406HGLA\startup_ac7840x.s

PDT0_IRQHandler 00000022



ARM Macro Assembler    Page 8 Alphabetic symbol ordering
Relocatable symbols


Symbol: PDT0_IRQHandler
   Definitions
      At line 373 in file RTE\Device\AC78406HGLA\startup_ac7840x.s
   Uses
      At line 137 in file RTE\Device\AC78406HGLA\startup_ac7840x.s
      At line 294 in file RTE\Device\AC78406HGLA\startup_ac7840x.s

PDT1_IRQHandler 00000022

Symbol: PDT1_IRQHandler
   Definitions
      At line 374 in file RTE\Device\AC78406HGLA\startup_ac7840x.s
   Uses
      At line 138 in file RTE\Device\AC78406HGLA\startup_ac7840x.s
      At line 295 in file RTE\Device\AC78406HGLA\startup_ac7840x.s

PORTA_IRQHandler 00000022

Symbol: PORTA_IRQHandler
   Definitions
      At line 351 in file RTE\Device\AC78406HGLA\startup_ac7840x.s
   Uses
      At line 107 in file RTE\Device\AC78406HGLA\startup_ac7840x.s
      At line 272 in file RTE\Device\AC78406HGLA\startup_ac7840x.s

PORTB_IRQHandler 00000022

Symbol: PORTB_IRQHandler
   Definitions
      At line 352 in file RTE\Device\AC78406HGLA\startup_ac7840x.s
   Uses
      At line 108 in file RTE\Device\AC78406HGLA\startup_ac7840x.s
      At line 273 in file RTE\Device\AC78406HGLA\startup_ac7840x.s

PORTC_IRQHandler 00000022

Symbol: PORTC_IRQHandler
   Definitions
      At line 353 in file RTE\Device\AC78406HGLA\startup_ac7840x.s
   Uses
      At line 109 in file RTE\Device\AC78406HGLA\startup_ac7840x.s
      At line 274 in file RTE\Device\AC78406HGLA\startup_ac7840x.s

PORTD_IRQHandler 00000022

Symbol: PORTD_IRQHandler
   Definitions
      At line 354 in file RTE\Device\AC78406HGLA\startup_ac7840x.s
   Uses
      At line 110 in file RTE\Device\AC78406HGLA\startup_ac7840x.s
      At line 275 in file RTE\Device\AC78406HGLA\startup_ac7840x.s

PORTE_IRQHandler 00000022

Symbol: PORTE_IRQHandler
   Definitions
      At line 355 in file RTE\Device\AC78406HGLA\startup_ac7840x.s
   Uses



ARM Macro Assembler    Page 9 Alphabetic symbol ordering
Relocatable symbols

      At line 111 in file RTE\Device\AC78406HGLA\startup_ac7840x.s
      At line 276 in file RTE\Device\AC78406HGLA\startup_ac7840x.s

PWM0_Channel_IRQHandler 00000022

Symbol: PWM0_Channel_IRQHandler
   Definitions
      At line 385 in file RTE\Device\AC78406HGLA\startup_ac7840x.s
   Uses
      At line 149 in file RTE\Device\AC78406HGLA\startup_ac7840x.s
      At line 306 in file RTE\Device\AC78406HGLA\startup_ac7840x.s

PWM0_Fault_IRQHandler 00000022

Symbol: PWM0_Fault_IRQHandler
   Definitions
      At line 386 in file RTE\Device\AC78406HGLA\startup_ac7840x.s
   Uses
      At line 150 in file RTE\Device\AC78406HGLA\startup_ac7840x.s
      At line 307 in file RTE\Device\AC78406HGLA\startup_ac7840x.s

PWM0_Overflow_IRQHandler 00000022

Symbol: PWM0_Overflow_IRQHandler
   Definitions
      At line 384 in file RTE\Device\AC78406HGLA\startup_ac7840x.s
   Uses
      At line 148 in file RTE\Device\AC78406HGLA\startup_ac7840x.s
      At line 305 in file RTE\Device\AC78406HGLA\startup_ac7840x.s

PWM1_Channel_IRQHandler 00000022

Symbol: PWM1_Channel_IRQHandler
   Definitions
      At line 388 in file RTE\Device\AC78406HGLA\startup_ac7840x.s
   Uses
      At line 152 in file RTE\Device\AC78406HGLA\startup_ac7840x.s
      At line 309 in file RTE\Device\AC78406HGLA\startup_ac7840x.s

PWM1_Fault_IRQHandler 00000022

Symbol: PWM1_Fault_IRQHandler
   Definitions
      At line 389 in file RTE\Device\AC78406HGLA\startup_ac7840x.s
   Uses
      At line 153 in file RTE\Device\AC78406HGLA\startup_ac7840x.s
      At line 310 in file RTE\Device\AC78406HGLA\startup_ac7840x.s

PWM1_Overflow_IRQHandler 00000022

Symbol: PWM1_Overflow_IRQHandler
   Definitions
      At line 387 in file RTE\Device\AC78406HGLA\startup_ac7840x.s
   Uses
      At line 151 in file RTE\Device\AC78406HGLA\startup_ac7840x.s
      At line 308 in file RTE\Device\AC78406HGLA\startup_ac7840x.s

PWM2_Channel_IRQHandler 00000022




ARM Macro Assembler    Page 10 Alphabetic symbol ordering
Relocatable symbols

Symbol: PWM2_Channel_IRQHandler
   Definitions
      At line 391 in file RTE\Device\AC78406HGLA\startup_ac7840x.s
   Uses
      At line 155 in file RTE\Device\AC78406HGLA\startup_ac7840x.s
      At line 312 in file RTE\Device\AC78406HGLA\startup_ac7840x.s

PWM2_Fault_IRQHandler 00000022

Symbol: PWM2_Fault_IRQHandler
   Definitions
      At line 392 in file RTE\Device\AC78406HGLA\startup_ac7840x.s
   Uses
      At line 156 in file RTE\Device\AC78406HGLA\startup_ac7840x.s
      At line 313 in file RTE\Device\AC78406HGLA\startup_ac7840x.s

PWM2_Overflow_IRQHandler 00000022

Symbol: PWM2_Overflow_IRQHandler
   Definitions
      At line 390 in file RTE\Device\AC78406HGLA\startup_ac7840x.s
   Uses
      At line 154 in file RTE\Device\AC78406HGLA\startup_ac7840x.s
      At line 311 in file RTE\Device\AC78406HGLA\startup_ac7840x.s

PWM3_Channel_IRQHandler 00000022

Symbol: PWM3_Channel_IRQHandler
   Definitions
      At line 394 in file RTE\Device\AC78406HGLA\startup_ac7840x.s
   Uses
      At line 158 in file RTE\Device\AC78406HGLA\startup_ac7840x.s
      At line 315 in file RTE\Device\AC78406HGLA\startup_ac7840x.s

PWM3_Fault_IRQHandler 00000022

Symbol: PWM3_Fault_IRQHandler
   Definitions
      At line 395 in file RTE\Device\AC78406HGLA\startup_ac7840x.s
   Uses
      At line 159 in file RTE\Device\AC78406HGLA\startup_ac7840x.s
      At line 316 in file RTE\Device\AC78406HGLA\startup_ac7840x.s

PWM3_Overflow_IRQHandler 00000022

Symbol: PWM3_Overflow_IRQHandler
   Definitions
      At line 393 in file RTE\Device\AC78406HGLA\startup_ac7840x.s
   Uses
      At line 157 in file RTE\Device\AC78406HGLA\startup_ac7840x.s
      At line 314 in file RTE\Device\AC78406HGLA\startup_ac7840x.s

PWM4_Channel_IRQHandler 00000022

Symbol: PWM4_Channel_IRQHandler
   Definitions
      At line 397 in file RTE\Device\AC78406HGLA\startup_ac7840x.s
   Uses
      At line 161 in file RTE\Device\AC78406HGLA\startup_ac7840x.s



ARM Macro Assembler    Page 11 Alphabetic symbol ordering
Relocatable symbols

      At line 318 in file RTE\Device\AC78406HGLA\startup_ac7840x.s

PWM4_Fault_IRQHandler 00000022

Symbol: PWM4_Fault_IRQHandler
   Definitions
      At line 398 in file RTE\Device\AC78406HGLA\startup_ac7840x.s
   Uses
      At line 162 in file RTE\Device\AC78406HGLA\startup_ac7840x.s
      At line 319 in file RTE\Device\AC78406HGLA\startup_ac7840x.s

PWM4_Overflow_IRQHandler 00000022

Symbol: PWM4_Overflow_IRQHandler
   Definitions
      At line 396 in file RTE\Device\AC78406HGLA\startup_ac7840x.s
   Uses
      At line 160 in file RTE\Device\AC78406HGLA\startup_ac7840x.s
      At line 317 in file RTE\Device\AC78406HGLA\startup_ac7840x.s

PWM5_Channel_IRQHandler 00000022

Symbol: PWM5_Channel_IRQHandler
   Definitions
      At line 400 in file RTE\Device\AC78406HGLA\startup_ac7840x.s
   Uses
      At line 164 in file RTE\Device\AC78406HGLA\startup_ac7840x.s
      At line 321 in file RTE\Device\AC78406HGLA\startup_ac7840x.s

PWM5_Fault_IRQHandler 00000022

Symbol: PWM5_Fault_IRQHandler
   Definitions
      At line 401 in file RTE\Device\AC78406HGLA\startup_ac7840x.s
   Uses
      At line 165 in file RTE\Device\AC78406HGLA\startup_ac7840x.s
      At line 322 in file RTE\Device\AC78406HGLA\startup_ac7840x.s

PWM5_Overflow_IRQHandler 00000022

Symbol: PWM5_Overflow_IRQHandler
   Definitions
      At line 399 in file RTE\Device\AC78406HGLA\startup_ac7840x.s
   Uses
      At line 163 in file RTE\Device\AC78406HGLA\startup_ac7840x.s
      At line 320 in file RTE\Device\AC78406HGLA\startup_ac7840x.s

PendSV_Handler 0000001E

Symbol: PendSV_Handler
   Definitions
      At line 247 in file RTE\Device\AC78406HGLA\startup_ac7840x.s
   Uses
      At line 87 in file RTE\Device\AC78406HGLA\startup_ac7840x.s
      At line 248 in file RTE\Device\AC78406HGLA\startup_ac7840x.s

RCM_IRQHandler 00000022

Symbol: RCM_IRQHandler



ARM Macro Assembler    Page 12 Alphabetic symbol ordering
Relocatable symbols

   Definitions
      At line 383 in file RTE\Device\AC78406HGLA\startup_ac7840x.s
   Uses
      At line 147 in file RTE\Device\AC78406HGLA\startup_ac7840x.s
      At line 304 in file RTE\Device\AC78406HGLA\startup_ac7840x.s

RTC_IRQHandler 00000022

Symbol: RTC_IRQHandler
   Definitions
      At line 402 in file RTE\Device\AC78406HGLA\startup_ac7840x.s
   Uses
      At line 172 in file RTE\Device\AC78406HGLA\startup_ac7840x.s
      At line 323 in file RTE\Device\AC78406HGLA\startup_ac7840x.s

Reset_Handler 00000000

Symbol: Reset_Handler
   Definitions
      At line 192 in file RTE\Device\AC78406HGLA\startup_ac7840x.s
   Uses
      At line 74 in file RTE\Device\AC78406HGLA\startup_ac7840x.s
      At line 193 in file RTE\Device\AC78406HGLA\startup_ac7840x.s

SPI0_IRQHandler 00000022

Symbol: SPI0_IRQHandler
   Definitions
      At line 360 in file RTE\Device\AC78406HGLA\startup_ac7840x.s
   Uses
      At line 118 in file RTE\Device\AC78406HGLA\startup_ac7840x.s
      At line 281 in file RTE\Device\AC78406HGLA\startup_ac7840x.s

SPI1_IRQHandler 00000022

Symbol: SPI1_IRQHandler
   Definitions
      At line 361 in file RTE\Device\AC78406HGLA\startup_ac7840x.s
   Uses
      At line 119 in file RTE\Device\AC78406HGLA\startup_ac7840x.s
      At line 282 in file RTE\Device\AC78406HGLA\startup_ac7840x.s

SPI2_IRQHandler 00000022

Symbol: SPI2_IRQHandler
   Definitions
      At line 362 in file RTE\Device\AC78406HGLA\startup_ac7840x.s
   Uses
      At line 120 in file RTE\Device\AC78406HGLA\startup_ac7840x.s
      At line 283 in file RTE\Device\AC78406HGLA\startup_ac7840x.s

SPM_IRQHandler 00000022

Symbol: SPM_IRQHandler
   Definitions
      At line 382 in file RTE\Device\AC78406HGLA\startup_ac7840x.s
   Uses
      At line 146 in file RTE\Device\AC78406HGLA\startup_ac7840x.s
      At line 303 in file RTE\Device\AC78406HGLA\startup_ac7840x.s



ARM Macro Assembler    Page 13 Alphabetic symbol ordering
Relocatable symbols


SVC_Handler 0000001A

Symbol: SVC_Handler
   Definitions
      At line 238 in file RTE\Device\AC78406HGLA\startup_ac7840x.s
   Uses
      At line 84 in file RTE\Device\AC78406HGLA\startup_ac7840x.s
      At line 239 in file RTE\Device\AC78406HGLA\startup_ac7840x.s

SysTick_Handler 00000020

Symbol: SysTick_Handler
   Definitions
      At line 251 in file RTE\Device\AC78406HGLA\startup_ac7840x.s
   Uses
      At line 88 in file RTE\Device\AC78406HGLA\startup_ac7840x.s
      At line 252 in file RTE\Device\AC78406HGLA\startup_ac7840x.s

TIMER_Channel0_IRQHandler 00000022

Symbol: TIMER_Channel0_IRQHandler
   Definitions
      At line 404 in file RTE\Device\AC78406HGLA\startup_ac7840x.s
   Uses
      At line 174 in file RTE\Device\AC78406HGLA\startup_ac7840x.s
      At line 325 in file RTE\Device\AC78406HGLA\startup_ac7840x.s

TIMER_Channel1_IRQHandler 00000022

Symbol: TIMER_Channel1_IRQHandler
   Definitions
      At line 405 in file RTE\Device\AC78406HGLA\startup_ac7840x.s
   Uses
      At line 175 in file RTE\Device\AC78406HGLA\startup_ac7840x.s
      At line 326 in file RTE\Device\AC78406HGLA\startup_ac7840x.s

TIMER_Channel2_IRQHandler 00000022

Symbol: TIMER_Channel2_IRQHandler
   Definitions
      At line 406 in file RTE\Device\AC78406HGLA\startup_ac7840x.s
   Uses
      At line 176 in file RTE\Device\AC78406HGLA\startup_ac7840x.s
      At line 327 in file RTE\Device\AC78406HGLA\startup_ac7840x.s

TIMER_Channel3_IRQHandler 00000022

Symbol: TIMER_Channel3_IRQHandler
   Definitions
      At line 407 in file RTE\Device\AC78406HGLA\startup_ac7840x.s
   Uses
      At line 177 in file RTE\Device\AC78406HGLA\startup_ac7840x.s
      At line 328 in file RTE\Device\AC78406HGLA\startup_ac7840x.s

UART0_IRQHandler 00000022

Symbol: UART0_IRQHandler
   Definitions



ARM Macro Assembler    Page 14 Alphabetic symbol ordering
Relocatable symbols

      At line 356 in file RTE\Device\AC78406HGLA\startup_ac7840x.s
   Uses
      At line 112 in file RTE\Device\AC78406HGLA\startup_ac7840x.s
      At line 277 in file RTE\Device\AC78406HGLA\startup_ac7840x.s

UART1_IRQHandler 00000022

Symbol: UART1_IRQHandler
   Definitions
      At line 357 in file RTE\Device\AC78406HGLA\startup_ac7840x.s
   Uses
      At line 113 in file RTE\Device\AC78406HGLA\startup_ac7840x.s
      At line 278 in file RTE\Device\AC78406HGLA\startup_ac7840x.s

UART2_IRQHandler 00000022

Symbol: UART2_IRQHandler
   Definitions
      At line 358 in file RTE\Device\AC78406HGLA\startup_ac7840x.s
   Uses
      At line 114 in file RTE\Device\AC78406HGLA\startup_ac7840x.s
      At line 279 in file RTE\Device\AC78406HGLA\startup_ac7840x.s

UART3_IRQHandler 00000022

Symbol: UART3_IRQHandler
   Definitions
      At line 359 in file RTE\Device\AC78406HGLA\startup_ac7840x.s
   Uses
      At line 115 in file RTE\Device\AC78406HGLA\startup_ac7840x.s
      At line 280 in file RTE\Device\AC78406HGLA\startup_ac7840x.s

UsageFault_Handler 00000018

Symbol: UsageFault_Handler
   Definitions
      At line 234 in file RTE\Device\AC78406HGLA\startup_ac7840x.s
   Uses
      At line 79 in file RTE\Device\AC78406HGLA\startup_ac7840x.s
      At line 235 in file RTE\Device\AC78406HGLA\startup_ac7840x.s

WDG_IRQHandler 00000022

Symbol: WDG_IRQHandler
   Definitions
      At line 378 in file RTE\Device\AC78406HGLA\startup_ac7840x.s
   Uses
      At line 142 in file RTE\Device\AC78406HGLA\startup_ac7840x.s
      At line 299 in file RTE\Device\AC78406HGLA\startup_ac7840x.s

91 symbols



ARM Macro Assembler    Page 1 Alphabetic symbol ordering
Absolute symbols

Heap_Size 00000200

Symbol: Heap_Size
   Definitions
      At line 56 in file RTE\Device\AC78406HGLA\startup_ac7840x.s
   Uses
      At line 60 in file RTE\Device\AC78406HGLA\startup_ac7840x.s
Comment: Heap_Size used once
Stack_Size 00000400

Symbol: Stack_Size
   Definitions
      At line 45 in file RTE\Device\AC78406HGLA\startup_ac7840x.s
   Uses
      At line 48 in file RTE\Device\AC78406HGLA\startup_ac7840x.s
Comment: Stack_Size used once
__Vectors_Size 000001B4

Symbol: __Vectors_Size
   Definitions
      At line 187 in file RTE\Device\AC78406HGLA\startup_ac7840x.s
   Uses
      At line 71 in file RTE\Device\AC78406HGLA\startup_ac7840x.s
Comment: __Vectors_Size used once
3 symbols



ARM Macro Assembler    Page 1 Alphabetic symbol ordering
External symbols

InitSram 00000000

Symbol: InitSram
   Definitions
      At line 197 in file RTE\Device\AC78406HGLA\startup_ac7840x.s
   Uses
      At line 198 in file RTE\Device\AC78406HGLA\startup_ac7840x.s
Comment: InitSram used once
SystemInit 00000000

Symbol: SystemInit
   Definitions
      At line 201 in file RTE\Device\AC78406HGLA\startup_ac7840x.s
   Uses
      At line 204 in file RTE\Device\AC78406HGLA\startup_ac7840x.s
Comment: SystemInit used once
__main 00000000

Symbol: __main
   Definitions
      At line 202 in file RTE\Device\AC78406HGLA\startup_ac7840x.s
   Uses
      At line 208 in file RTE\Device\AC78406HGLA\startup_ac7840x.s
Comment: __main used once
3 symbols
443 symbols in table
